#
# A fatal error has been detected by the Java Runtime Environment:
#
#  SIGSEGV (0xb) at pc=0x00007f86cc8d477a, pid=20163, tid=0x00007f86b46f6700
#
# JRE version: OpenJDK Runtime Environment (8.0_171-b11) (build 1.8.0_171-8u171-b11-0ubuntu0.18.04.1-b11)
# Java VM: OpenJDK 64-Bit Server VM (25.171-b11 mixed mode linux-amd64 compressed oops)
# Problematic frame:
# V  [libjvm.so+0x7d577a]
#
# Failed to write core dump. Core dumps have been disabled. To enable core dumping, try "ulimit -c unlimited" before starting Java again
#
# If you would like to submit a bug report, please visit:
#   http://bugreport.java.com/bugreport/crash.jsp
#

---------------  T H R E A D  ---------------

Current thread (0x00007f86c40bc800):  JavaThread "C2 CompilerThread0" daemon [_thread_in_native, id=20179, stack(0x00007f86b45f7000,0x00007f86b46f7000)]

siginfo: si_signo: 11 (SIGSEGV), si_code: 128 (SI_KERNEL), si_addr: 0x0000000000000000

Registers:
RAX=0x00007f8688e0ee68, RBX=0x0004000000000000, RCX=0x0000000000001092, RDX=0x00007f86842cc320
RSP=0x00007f86b46f1eb0, RBP=0x00007f86b46f1f20, RSI=0x0000000000001092, RDI=0x0000000000000000
R8 =0x0000000000000000, R9 =0x0000000000000007, R10=0x0000000000000000, R11=0x00007f868830c6b0
R12=0x0000000000000000, R13=0x00007f86b46f3850, R14=0x00007f8688e0edf8, R15=0x00007f86b46f1fa0
RIP=0x00007f86cc8d477a, EFLAGS=0x0000000000010206, CSGSFS=0x002b000000000033, ERR=0x0000000000000000
  TRAPNO=0x000000000000000d

Top of Stack: (sp=0x00007f86b46f1eb0)
0x00007f86b46f1eb0:   00007f868855ac80 00007f86b46f3870
0x00007f86b46f1ec0:   00007f86b46f1fc0 0000000000000000
0x00007f86b46f1ed0:   00007f8688562c80 00007f86b46f1fe0
0x00007f86b46f1ee0:   0000000000000040 7925626b00000001
0x00007f86b46f1ef0:   00007f86b46f1f20 00007f86c40bd370
0x00007f86b46f1f00:   00007f868855ac80 00007f86b46f1fe0
0x00007f86b46f1f10:   00007f86b46f1fc0 00007f86b46f3850
0x00007f86b46f1f20:   00007f86b46f2250 00007f86cc8d717e
0x00007f86b46f1f30:   00000000000000a0 00000000000000a0
0x00007f86b46f1f40:   00007f868855ac80 0000000000012340
0x00007f86b46f1f50:   00007f8600000001 00000001010018a7
0x00007f86b46f1f60:   0000000000000000 00007f8688562c00
0x00007f86b46f1f70:   00007f86b46f1fa0 00000000000e01d0
0x00007f86b46f1f80:   00007f8688562c68 00007f868855acd0
0x00007f86b46f1f90:   00007f86b46f2070 00007f86b46f2010
0x00007f86b46f1fa0:   00007f86cd021cc0 00007f86c40bd370
0x00007f86b46f1fb0:   00007f8600000200 00007f868830ced0
0x00007f86b46f1fc0:   00007f8684cbc4c0 00007f8684cce800
0x00007f86b46f1fd0:   00007f8684cbc4c0 00007f86c40bd370
0x00007f86b46f1fe0:   00007f86c40bd370 0000000000000200
0x00007f86b46f1ff0:   00007f868830bed0 0000000000000135
0x00007f86b46f2000:   00007f86c40bd370 00007f8600000004
0x00007f86b46f2010:   00007f8688caebf0 ffffffff00000000
0x00007f86b46f2020:   0000000000000800 0000083000002002
0x00007f86b46f2030:   0000000000000100 0000000000000020
0x00007f86b46f2040:   0000000000000004 0000007b0000007c
0x00007f86b46f2050:   0000015b0000008e 00007f8684844b80
0x00007f86b46f2060:   00007f867c8cceb0 0000000000020010
0x00007f86b46f2070:   00007f8684000020 0000000000000000
0x00007f86b46f2080:   000000000000000c 00007f86b46f2120
0x00007f86b46f2090:   0000000000020010 00007f86cd7532ed
0x00007f86b46f20a0:   00007f86843d1198 00007f86cd0373e8 

Instructions: (pc=0x00007f86cc8d477a)
0x00007f86cc8d475a:   00 49 83 c4 08 4c 39 65 c0 0f 84 db 01 00 00 49
0x00007f86cc8d476a:   8b 46 08 83 45 c8 01 4a 8b 1c 20 48 85 db 74 e1
0x00007f86cc8d477a:   48 8b 03 48 89 df ff 90 b0 00 00 00 84 c0 0f 85
0x00007f86cc8d478a:   22 01 00 00 8b 4b 28 89 c8 c1 e8 05 41 3b 47 10 

Register to memory mapping:

RAX=0x00007f8688e0ee68 is an unknown value
RBX=0x0004000000000000 is an unknown value
RCX=0x0000000000001092 is an unknown value
RDX=0x00007f86842cc320 is an unknown value
RSP=0x00007f86b46f1eb0 is pointing into the stack for thread: 0x00007f86c40bc800
RBP=0x00007f86b46f1f20 is pointing into the stack for thread: 0x00007f86c40bc800
RSI=0x0000000000001092 is an unknown value
RDI=0x0000000000000000 is an unknown value
R8 =0x0000000000000000 is an unknown value
R9 =0x0000000000000007 is an unknown value
R10=0x0000000000000000 is an unknown value
R11=0x00007f868830c6b0 is an unknown value
R12=0x0000000000000000 is an unknown value
R13=0x00007f86b46f3850 is pointing into the stack for thread: 0x00007f86c40bc800
R14=0x00007f8688e0edf8 is an unknown value
R15=0x00007f86b46f1fa0 is pointing into the stack for thread: 0x00007f86c40bc800


Stack: [0x00007f86b45f7000,0x00007f86b46f7000],  sp=0x00007f86b46f1eb0,  free space=1003k
Native frames: (J=compiled Java code, j=interpreted, Vv=VM code, C=native code)
V  [libjvm.so+0x7d577a]
V  [libjvm.so+0x7d817e]
V  [libjvm.so+0x474c8a]
V  [libjvm.so+0x476fe6]
V  [libjvm.so+0x3bf5ca]
V  [libjvm.so+0x48249b]
V  [libjvm.so+0x484778]
V  [libjvm.so+0xa48af3]
V  [libjvm.so+0xa48f22]
V  [libjvm.so+0x8e3b12]
C  [libpthread.so.0+0x76db]  start_thread+0xdb


Current CompileTask:
C2:  61727 5916   !   4       org.springframework.util.ReflectionUtils::getDeclaredMethods (186 bytes)


---------------  P R O C E S S  ---------------

Java Threads: ( => current thread )
  0x00007f866812d800 JavaThread "http-nio-9010-AsyncTimeout" daemon [_thread_blocked, id=20347, stack(0x00007f86af34c000,0x00007f86af44d000)]
  0x00007f866812c000 JavaThread "http-nio-9010-Acceptor-0" daemon [_thread_in_native, id=20346, stack(0x00007f86af44d000,0x00007f86af54e000)]
  0x00007f866812b000 JavaThread "http-nio-9010-ClientPoller-1" daemon [_thread_in_native, id=20345, stack(0x00007f86a8eae000,0x00007f86a8faf000)]
  0x00007f866811c800 JavaThread "http-nio-9010-ClientPoller-0" daemon [_thread_in_native, id=20344, stack(0x00007f86ae115000,0x00007f86ae216000)]
  0x00007f866810e800 JavaThread "http-nio-9010-exec-10" daemon [_thread_blocked, id=20343, stack(0x00007f86a8faf000,0x00007f86a90b0000)]
  0x00007f866810d800 JavaThread "http-nio-9010-exec-9" daemon [_thread_blocked, id=20342, stack(0x00007f864b1f4000,0x00007f864b2f5000)]
  0x00007f866810c800 JavaThread "http-nio-9010-exec-8" daemon [_thread_blocked, id=20341, stack(0x00007f864b0f3000,0x00007f864b1f4000)]
  0x00007f866810b800 JavaThread "http-nio-9010-exec-7" daemon [_thread_blocked, id=20340, stack(0x00007f864b3f6000,0x00007f864b4f7000)]
  0x00007f866810a000 JavaThread "http-nio-9010-exec-6" daemon [_thread_blocked, id=20339, stack(0x00007f864b7fa000,0x00007f864b8fb000)]
  0x00007f8668109800 JavaThread "http-nio-9010-exec-5" daemon [_thread_blocked, id=20338, stack(0x00007f864b4f7000,0x00007f864b5f8000)]
  0x00007f8668108800 JavaThread "http-nio-9010-exec-4" daemon [_thread_blocked, id=20337, stack(0x00007f864b9fc000,0x00007f864bafd000)]
  0x00007f8668108000 JavaThread "http-nio-9010-exec-3" daemon [_thread_blocked, id=20336, stack(0x00007f864b8fb000,0x00007f864b9fc000)]
  0x00007f86680cf000 JavaThread "http-nio-9010-exec-2" daemon [_thread_blocked, id=20335, stack(0x00007f864b2f5000,0x00007f864b3f6000)]
  0x00007f86680ce800 JavaThread "http-nio-9010-exec-1" daemon [_thread_blocked, id=20334, stack(0x00007f864b6f9000,0x00007f864b7fa000)]
  0x00007f86680d2000 JavaThread "NioBlockingSelector.BlockPoller-2" daemon [_thread_in_native, id=20333, stack(0x00007f864bbfe000,0x00007f864bcff000)]
  0x00007f86680cd000 JavaThread "File Watcher" daemon [_thread_blocked, id=20332, stack(0x00007f864b5f8000,0x00007f864b6f9000)]
  0x00007f8640004800 JavaThread "HikariPool-2 connection adder" daemon [_thread_blocked, id=20329, stack(0x00007f864bafd000,0x00007f864bbfe000)]
  0x00007f8668025000 JavaThread "HikariPool-2 housekeeper" daemon [_thread_blocked, id=20328, stack(0x00007f864bcff000,0x00007f864be00000)]
  0x00007f8668054000 JavaThread "container-0" [_thread_blocked, id=20327, stack(0x00007f86ad309000,0x00007f86ad40a000)]
  0x00007f8668053000 JavaThread "ContainerBackgroundProcessor[StandardEngine[Tomcat]]" daemon [_thread_blocked, id=20326, stack(0x00007f86a81ad000,0x00007f86a82ae000)]
  0x00007f866d598800 JavaThread "localhost-startStop-1" daemon [_thread_blocked, id=20325, stack(0x00007f86ad40a000,0x00007f86ad50b000)]
  0x00007f8668052800 JavaThread "Tomcat-startStop-1" daemon [_thread_blocked, id=20324, stack(0x00007f864aef1000,0x00007f864aff2000)]
  0x00007f86c47ff000 JavaThread "DestroyJavaVM" [_thread_blocked, id=20169, stack(0x00007f86cddc4000,0x00007f86cdec4000)]
  0x00007f866d5a1000 JavaThread "Live Reload Server" daemon [_thread_in_native, id=20208, stack(0x00007f86a80ac000,0x00007f86a81ad000)]
  0x00007f866cfb1000 JavaThread "Abandoned connection cleanup thread" daemon [_thread_blocked, id=20192, stack(0x00007f86ad208000,0x00007f86ad309000)]
  0x00007f86c40c4800 JavaThread "Service Thread" daemon [_thread_blocked, id=20182, stack(0x00007f86b42f3000,0x00007f86b43f4000)]
  0x00007f86c40c1800 JavaThread "C1 CompilerThread2" daemon [_thread_blocked, id=20181, stack(0x00007f86b43f5000,0x00007f86b44f5000)]
  0x00007f86c40bf800 JavaThread "C2 CompilerThread1" daemon [_thread_blocked, id=20180, stack(0x00007f86b44f6000,0x00007f86b45f6000)]
=>0x00007f86c40bc800 JavaThread "C2 CompilerThread0" daemon [_thread_in_native, id=20179, stack(0x00007f86b45f7000,0x00007f86b46f7000)]
  0x00007f86c40bb000 JavaThread "Signal Dispatcher" daemon [_thread_blocked, id=20178, stack(0x00007f86b46f7000,0x00007f86b47f8000)]
  0x00007f86c4089000 JavaThread "Finalizer" daemon [_thread_blocked, id=20177, stack(0x00007f86b47f8000,0x00007f86b48f9000)]
  0x00007f86c4084800 JavaThread "Reference Handler" daemon [_thread_blocked, id=20176, stack(0x00007f86b48f9000,0x00007f86b49fa000)]

Other Threads:
  0x00007f86c407d000 VMThread [stack: 0x00007f86b49fb000,0x00007f86b4afb000] [id=20175]
  0x00007f86c40c7000 WatcherThread [stack: 0x00007f86b41f3000,0x00007f86b42f3000] [id=20183]

VM state:not at safepoint (normal execution)

VM Mutex/Monitor currently owned by a thread: None

Heap:
 PSYoungGen      total 386048K, used 176450K [0x00000000d7200000, 0x00000000f1400000, 0x0000000100000000)
  eden space 367104K, 48% used [0x00000000d7200000,0x00000000e1e50b60,0x00000000ed880000)
  from space 18944K, 0% used [0x00000000eeb80000,0x00000000eeb80000,0x00000000efe00000)
  to   space 19456K, 0% used [0x00000000ed880000,0x00000000ed880000,0x00000000eeb80000)
 ParOldGen       total 113664K, used 29504K [0x0000000085600000, 0x000000008c500000, 0x00000000d7200000)
  object space 113664K, 25% used [0x0000000085600000,0x00000000872d01a0,0x000000008c500000)
 Metaspace       used 57756K, capacity 60400K, committed 60544K, reserved 1101824K
  class space    used 7500K, capacity 7993K, committed 8064K, reserved 1048576K

Card table byte_map: [0x00007f86c9f90000,0x00007f86ca366000] byte_map_base: 0x00007f86c9b65000

Marking Bits: (ParMarkBitMap*) 0x00007f86cd05f140
 Begin Bits: [0x00007f86a92b0000, 0x00007f86ab158000)
 End Bits:   [0x00007f86ab158000, 0x00007f86ad000000)

Polling page: 0x00007f86cdee0000

CodeCache: size=245760Kb used=16761Kb max_used=16968Kb free=228998Kb
 bounds [0x00007f86b5000000, 0x00007f86b60c0000, 0x00007f86c4000000]
 total_blobs=5531 nmethods=4968 adapters=477
 compilation: enabled

Compilation events (10 events):
Event: 61.297 Thread 0x00007f86c40c1800 nmethod 5968 0x00007f86b5cc9f90 code [0x00007f86b5cca0e0, 0x00007f86b5cca1f0]
Event: 61.320 Thread 0x00007f86c40bf800 nmethod 5939% 0x00007f86b528eb10 code [0x00007f86b528ee00, 0x00007f86b5290460]
Event: 61.320 Thread 0x00007f86c40bf800 5963       4       org.thymeleaf.util.TextUtils::compareTo (93 bytes)
Event: 61.326 Thread 0x00007f86c40bf800 nmethod 5963 0x00007f86b5da2e90 code [0x00007f86b5da3040, 0x00007f86b5da37b8]
Event: 61.326 Thread 0x00007f86c40bf800 5932       4       org.thymeleaf.util.ProcessorComparators$ProcessorPrecedenceComparator::compare (13 bytes)
Event: 61.329 Thread 0x00007f86c40bf800 nmethod 5932 0x00007f86b53aec10 code [0x00007f86b53aedc0, 0x00007f86b53af330]
Event: 61.329 Thread 0x00007f86c40bf800 5934       4       org.thymeleaf.util.ProcessorComparators$ProcessorPrecedenceComparator::compareWrapped (100 bytes)
Event: 61.331 Thread 0x00007f86c40bf800 nmethod 5934 0x00007f86b53417d0 code [0x00007f86b5341960, 0x00007f86b5341d90]
Event: 61.331 Thread 0x00007f86c40bf800 5915       4       org.springframework.orm.jpa.support.PersistenceAnnotationBeanPostProcessor::lambda$buildPersistenceMetadata$1 (130 bytes)
Event: 61.349 Thread 0x00007f86c40bf800 nmethod 5915 0x00007f86b6059ad0 code [0x00007f86b6059da0, 0x00007f86b605aca8]

GC Heap History (10 events):
Event: 4.518 GC heap before
{Heap before GC invocations=12 (full 2):
 PSYoungGen      total 224768K, used 211456K [0x00000000d7200000, 0x00000000eb200000, 0x0000000100000000)
  eden space 211456K, 100% used [0x00000000d7200000,0x00000000e4080000,0x00000000e4080000)
  from space 13312K, 0% used [0x00000000e4080000,0x00000000e4080000,0x00000000e4d80000)
  to   space 14848K, 0% used [0x00000000ea380000,0x00000000ea380000,0x00000000eb200000)
 ParOldGen       total 82944K, used 21942K [0x0000000085600000, 0x000000008a700000, 0x00000000d7200000)
  object space 82944K, 26% used [0x0000000085600000,0x0000000086b6db98,0x000000008a700000)
 Metaspace       used 50349K, capacity 52522K, committed 52864K, reserved 1095680K
  class space    used 6566K, capacity 6983K, committed 7040K, reserved 1048576K
Event: 4.537 GC heap after
Heap after GC invocations=12 (full 2):
 PSYoungGen      total 297984K, used 14838K [0x00000000d7200000, 0x00000000eb200000, 0x0000000100000000)
  eden space 283136K, 0% used [0x00000000d7200000,0x00000000d7200000,0x00000000e8680000)
  from space 14848K, 99% used [0x00000000ea380000,0x00000000eb1fdb30,0x00000000eb200000)
  to   space 18944K, 0% used [0x00000000e8d00000,0x00000000e8d00000,0x00000000e9f80000)
 ParOldGen       total 82944K, used 27117K [0x0000000085600000, 0x000000008a700000, 0x00000000d7200000)
  object space 82944K, 32% used [0x0000000085600000,0x000000008707b750,0x000000008a700000)
 Metaspace       used 50349K, capacity 52522K, committed 52864K, reserved 1095680K
  class space    used 6566K, capacity 6983K, committed 7040K, reserved 1048576K
}
Event: 23.036 GC heap before
{Heap before GC invocations=13 (full 2):
 PSYoungGen      total 297984K, used 198397K [0x00000000d7200000, 0x00000000eb200000, 0x0000000100000000)
  eden space 283136K, 64% used [0x00000000d7200000,0x00000000e2541c58,0x00000000e8680000)
  from space 14848K, 99% used [0x00000000ea380000,0x00000000eb1fdb30,0x00000000eb200000)
  to   space 18944K, 0% used [0x00000000e8d00000,0x00000000e8d00000,0x00000000e9f80000)
 ParOldGen       total 82944K, used 27117K [0x0000000085600000, 0x000000008a700000, 0x00000000d7200000)
  object space 82944K, 32% used [0x0000000085600000,0x000000008707b750,0x000000008a700000)
 Metaspace       used 56425K, capacity 58940K, committed 59028K, reserved 1099776K
  class space    used 7365K, capacity 7848K, committed 7936K, reserved 1048576K
Event: 23.055 GC heap after
Heap after GC invocations=13 (full 2):
 PSYoungGen      total 308736K, used 11931K [0x00000000d7200000, 0x00000000efe00000, 0x0000000100000000)
  eden space 289792K, 0% used [0x00000000d7200000,0x00000000d7200000,0x00000000e8d00000)
  from space 18944K, 62% used [0x00000000e8d00000,0x00000000e98a6da0,0x00000000e9f80000)
  to   space 18944K, 0% used [0x00000000eeb80000,0x00000000eeb80000,0x00000000efe00000)
 ParOldGen       total 82944K, used 34851K [0x0000000085600000, 0x000000008a700000, 0x00000000d7200000)
  object space 82944K, 42% used [0x0000000085600000,0x0000000087808cc0,0x000000008a700000)
 Metaspace       used 56425K, capacity 58940K, committed 59028K, reserved 1099776K
  class space    used 7365K, capacity 7848K, committed 7936K, reserved 1048576K
}
Event: 23.055 GC heap before
{Heap before GC invocations=14 (full 3):
 PSYoungGen      total 308736K, used 11931K [0x00000000d7200000, 0x00000000efe00000, 0x0000000100000000)
  eden space 289792K, 0% used [0x00000000d7200000,0x00000000d7200000,0x00000000e8d00000)
  from space 18944K, 62% used [0x00000000e8d00000,0x00000000e98a6da0,0x00000000e9f80000)
  to   space 18944K, 0% used [0x00000000eeb80000,0x00000000eeb80000,0x00000000efe00000)
 ParOldGen       total 82944K, used 34851K [0x0000000085600000, 0x000000008a700000, 0x00000000d7200000)
  object space 82944K, 42% used [0x0000000085600000,0x0000000087808cc0,0x000000008a700000)
 Metaspace       used 56425K, capacity 58940K, committed 59028K, reserved 1099776K
  class space    used 7365K, capacity 7848K, committed 7936K, reserved 1048576K
Event: 23.175 GC heap after
Heap after GC invocations=14 (full 3):
 PSYoungGen      total 308736K, used 0K [0x00000000d7200000, 0x00000000efe00000, 0x0000000100000000)
  eden space 289792K, 0% used [0x00000000d7200000,0x00000000d7200000,0x00000000e8d00000)
  from space 18944K, 0% used [0x00000000e8d00000,0x00000000e8d00000,0x00000000e9f80000)
  to   space 18944K, 0% used [0x00000000eeb80000,0x00000000eeb80000,0x00000000efe00000)
 ParOldGen       total 113664K, used 34829K [0x0000000085600000, 0x000000008c500000, 0x00000000d7200000)
  object space 113664K, 30% used [0x0000000085600000,0x00000000878035f0,0x000000008c500000)
 Metaspace       used 56425K, capacity 58940K, committed 59028K, reserved 1099776K
  class space    used 7365K, capacity 7848K, committed 7936K, reserved 1048576K
}
Event: 57.635 GC heap before
{Heap before GC invocations=15 (full 3):
 PSYoungGen      total 308736K, used 46149K [0x00000000d7200000, 0x00000000efe00000, 0x0000000100000000)
  eden space 289792K, 15% used [0x00000000d7200000,0x00000000d9f11740,0x00000000e8d00000)
  from space 18944K, 0% used [0x00000000e8d00000,0x00000000e8d00000,0x00000000e9f80000)
  to   space 18944K, 0% used [0x00000000eeb80000,0x00000000eeb80000,0x00000000efe00000)
 ParOldGen       total 113664K, used 34829K [0x0000000085600000, 0x000000008c500000, 0x00000000d7200000)
  object space 113664K, 30% used [0x0000000085600000,0x00000000878035f0,0x000000008c500000)
 Metaspace       used 57127K, capacity 59724K, committed 60032K, reserved 1101824K
  class space    used 7477K, capacity 7937K, committed 8064K, reserved 1048576K
Event: 57.638 GC heap after
Heap after GC invocations=15 (full 3):
 PSYoungGen      total 386048K, used 813K [0x00000000d7200000, 0x00000000f1400000, 0x0000000100000000)
  eden space 367104K, 0% used [0x00000000d7200000,0x00000000d7200000,0x00000000ed880000)
  from space 18944K, 4% used [0x00000000eeb80000,0x00000000eec4b5f8,0x00000000efe00000)
  to   space 19456K, 0% used [0x00000000ed880000,0x00000000ed880000,0x00000000eeb80000)
 ParOldGen       total 113664K, used 34837K [0x0000000085600000, 0x000000008c500000, 0x00000000d7200000)
  object space 113664K, 30% used [0x0000000085600000,0x00000000878055f0,0x000000008c500000)
 Metaspace       used 57127K, capacity 59724K, committed 60032K, reserved 1101824K
  class space    used 7477K, capacity 7937K, committed 8064K, reserved 1048576K
}
Event: 57.638 GC heap before
{Heap before GC invocations=16 (full 4):
 PSYoungGen      total 386048K, used 813K [0x00000000d7200000, 0x00000000f1400000, 0x0000000100000000)
  eden space 367104K, 0% used [0x00000000d7200000,0x00000000d7200000,0x00000000ed880000)
  from space 18944K, 4% used [0x00000000eeb80000,0x00000000eec4b5f8,0x00000000efe00000)
  to   space 19456K, 0% used [0x00000000ed880000,0x00000000ed880000,0x00000000eeb80000)
 ParOldGen       total 113664K, used 34837K [0x0000000085600000, 0x000000008c500000, 0x00000000d7200000)
  object space 113664K, 30% used [0x0000000085600000,0x00000000878055f0,0x000000008c500000)
 Metaspace       used 57127K, capacity 59724K, committed 60032K, reserved 1101824K
  class space    used 7477K, capacity 7937K, committed 8064K, reserved 1048576K
Event: 57.839 GC heap after
Heap after GC invocations=16 (full 4):
 PSYoungGen      total 386048K, used 0K [0x00000000d7200000, 0x00000000f1400000, 0x0000000100000000)
  eden space 367104K, 0% used [0x00000000d7200000,0x00000000d7200000,0x00000000ed880000)
  from space 18944K, 0% used [0x00000000eeb80000,0x00000000eeb80000,0x00000000efe00000)
  to   space 19456K, 0% used [0x00000000ed880000,0x00000000ed880000,0x00000000eeb80000)
 ParOldGen       total 113664K, used 29504K [0x0000000085600000, 0x000000008c500000, 0x00000000d7200000)
  object space 113664K, 25% used [0x0000000085600000,0x00000000872d01a0,0x000000008c500000)
 Metaspace       used 57127K, capacity 59724K, committed 60032K, reserved 1101824K
  class space    used 7477K, capacity 7937K, committed 8064K, reserved 1048576K
}

Deoptimization events (10 events):
Event: 58.152 Thread 0x00007f8670300800 Uncommon trap: reason=unstable_if action=reinterpret pc=0x00007f86b5a09fd4 method=org.springframework.asm.Frame.merge(Lorg/springframework/asm/ClassWriter;I[II)Z @ 152
Event: 58.366 Thread 0x00007f8670300800 Uncommon trap: reason=unstable_if action=reinterpret pc=0x00007f86b5400998 method=java.util.HashMap.putVal(ILjava/lang/Object;Ljava/lang/Object;ZZ)Ljava/lang/Object; @ 162
Event: 58.550 Thread 0x00007f8670300800 Uncommon trap: reason=bimorphic action=maybe_recompile pc=0x00007f86b5190c24 method=java.util.concurrent.ConcurrentHashMap.putVal(Ljava/lang/Object;Ljava/lang/Object;Z)Ljava/lang/Object; @ 192
Event: 58.550 Thread 0x00007f8670300800 Uncommon trap: reason=bimorphic action=maybe_recompile pc=0x00007f86b5190c24 method=java.util.concurrent.ConcurrentHashMap.putVal(Ljava/lang/Object;Ljava/lang/Object;Z)Ljava/lang/Object; @ 192
Event: 58.550 Thread 0x00007f8670300800 Uncommon trap: reason=bimorphic action=maybe_recompile pc=0x00007f86b5190c24 method=java.util.concurrent.ConcurrentHashMap.putVal(Ljava/lang/Object;Ljava/lang/Object;Z)Ljava/lang/Object; @ 192
Event: 58.550 Thread 0x00007f8670300800 Uncommon trap: reason=bimorphic action=maybe_recompile pc=0x00007f86b5190c24 method=java.util.concurrent.ConcurrentHashMap.putVal(Ljava/lang/Object;Ljava/lang/Object;Z)Ljava/lang/Object; @ 192
Event: 58.608 Thread 0x00007f8670300800 Uncommon trap: reason=class_check action=maybe_recompile pc=0x00007f86b5e90e1c method=org.springframework.core.ResolvableType.calculateHashCode()I @ 23
Event: 58.614 Thread 0x00007f8670300800 Uncommon trap: reason=class_check action=maybe_recompile pc=0x00007f86b5e90e1c method=org.springframework.core.ResolvableType.calculateHashCode()I @ 23
Event: 58.651 Thread 0x00007f8670300800 Uncommon trap: reason=class_check action=maybe_recompile pc=0x00007f86b5a2be90 method=org.springframework.util.ConcurrentReferenceHashMap$Segment.findInChain(Lorg/springframework/util/ConcurrentReferenceHashMap$Reference;Ljava/lang/Object;I)Lorg/springfra
Event: 58.651 Thread 0x00007f8670300800 Uncommon trap: reason=class_check action=maybe_recompile pc=0x00007f86b5a2be90 method=org.springframework.util.ConcurrentReferenceHashMap$Segment.findInChain(Lorg/springframework/util/ConcurrentReferenceHashMap$Reference;Ljava/lang/Object;I)Lorg/springfra

Classes redefined (0 events):
No events

Internal exceptions (10 events):
Event: 58.555 Thread 0x00007f8670300800 Exception <a 'java/lang/ClassNotFoundException': java/lang/ObjectCustomizer> (0x00000000df858cd8) thrown at [/build/openjdk-8-TuolsG/openjdk-8-8u171-b11/src/hotspot/src/share/vm/classfile/systemDictionary.cpp, line 210]
Event: 58.555 Thread 0x00007f8670300800 Exception <a 'java/lang/ClassNotFoundException': java/lang/reflect/ProxyCustomizer> (0x00000000df866be8) thrown at [/build/openjdk-8-TuolsG/openjdk-8-8u171-b11/src/hotspot/src/share/vm/classfile/systemDictionary.cpp, line 210]
Event: 58.556 Thread 0x00007f8670300800 Exception <a 'java/lang/ClassNotFoundException': com/sun/proxy/$Proxy107Customizer> (0x00000000df8813e8) thrown at [/build/openjdk-8-TuolsG/openjdk-8-8u171-b11/src/hotspot/src/share/vm/classfile/systemDictionary.cpp, line 210]
Event: 58.556 Thread 0x00007f8670300800 Exception <a 'java/lang/ClassNotFoundException': org/hibernate/jpa/HibernateEntityManagerCustomizer> (0x00000000df8d8a68) thrown at [/build/openjdk-8-TuolsG/openjdk-8-8u171-b11/src/hotspot/src/share/vm/classfile/systemDictionary.cpp, line 210]
Event: 58.557 Thread 0x00007f8670300800 Exception <a 'java/lang/ClassNotFoundException': org/springframework/orm/jpa/EntityManagerProxyCustomizer> (0x00000000df8f6250) thrown at [/build/openjdk-8-TuolsG/openjdk-8-8u171-b11/src/hotspot/src/share/vm/classfile/systemDictionary.cpp, line 210]
Event: 58.559 Thread 0x00007f8670300800 Exception <a 'java/lang/ClassNotFoundException': java/lang/ObjectCustomizer> (0x00000000df94bcf8) thrown at [/build/openjdk-8-TuolsG/openjdk-8-8u171-b11/src/hotspot/src/share/vm/classfile/systemDictionary.cpp, line 210]
Event: 58.559 Thread 0x00007f8670300800 Exception <a 'java/lang/ClassNotFoundException': entities/UsersCustomizer> (0x00000000df960e18) thrown at [/build/openjdk-8-TuolsG/openjdk-8-8u171-b11/src/hotspot/src/share/vm/classfile/systemDictionary.cpp, line 210]
Event: 58.572 Thread 0x00007f8670300800 Exception <a 'java/lang/reflect/InvocationTargetException'> (0x00000000dfa61760) thrown at [/build/openjdk-8-TuolsG/openjdk-8-8u171-b11/src/hotspot/src/share/vm/runtime/reflection.cpp, line 1092]
Event: 61.277 Thread 0x00007f86680cf000 Exception <a 'java/lang/ClassNotFoundException': java/lang/ObjectCustomizer> (0x00000000e1c2cf18) thrown at [/build/openjdk-8-TuolsG/openjdk-8-8u171-b11/src/hotspot/src/share/vm/classfile/systemDictionary.cpp, line 210]
Event: 61.277 Thread 0x00007f86680cf000 Exception <a 'java/lang/ClassNotFoundException': dtos/UserDtoCustomizer> (0x00000000e1c43a08) thrown at [/build/openjdk-8-TuolsG/openjdk-8-8u171-b11/src/hotspot/src/share/vm/classfile/systemDictionary.cpp, line 210]

Events (10 events):
Event: 61.286 Thread 0x00007f86c40c1800 flushing nmethod 0x00007f86b5da2990
Event: 61.286 Thread 0x00007f86c40c1800 flushing nmethod 0x00007f86b5dc2950
Event: 61.286 Thread 0x00007f86c40c1800 flushing nmethod 0x00007f86b5dc7c10
Event: 61.287 Thread 0x00007f86c40c1800 flushing nmethod 0x00007f86b5f17dd0
Event: 61.287 Executing VM operation: RevokeBias
Event: 61.287 Executing VM operation: RevokeBias done
Event: 61.287 Executing VM operation: RevokeBias
Event: 61.293 Executing VM operation: RevokeBias done
Event: 61.294 Executing VM operation: RevokeBias
Event: 61.295 Executing VM operation: RevokeBias done


Dynamic libraries:
85600000-8c500000 rw-p 00000000 00:00 0 
8c500000-d7200000 ---p 00000000 00:00 0 
d7200000-f1400000 rw-p 00000000 00:00 0 
f1400000-100000000 ---p 00000000 00:00 0 
100000000-1007e0000 rw-p 00000000 00:00 0 
1007e0000-140000000 ---p 00000000 00:00 0 
55d2ef4f7000-55d2ef4f8000 r-xp 00000000 08:01 264743                     /usr/lib/jvm/java-8-openjdk-amd64/jre/bin/java
55d2ef6f7000-55d2ef6f8000 r--p 00000000 08:01 264743                     /usr/lib/jvm/java-8-openjdk-amd64/jre/bin/java
55d2ef6f8000-55d2ef6f9000 rw-p 00001000 08:01 264743                     /usr/lib/jvm/java-8-openjdk-amd64/jre/bin/java
55d2efa52000-55d2efa73000 rw-p 00000000 00:00 0                          [heap]
7f862c000000-7f862c474000 rw-p 00000000 00:00 0 
7f862c474000-7f8630000000 ---p 00000000 00:00 0 
7f8634000000-7f8634021000 rw-p 00000000 00:00 0 
7f8634021000-7f8638000000 ---p 00000000 00:00 0 
7f8638000000-7f8638021000 rw-p 00000000 00:00 0 
7f8638021000-7f863c000000 ---p 00000000 00:00 0 
7f863c000000-7f863c1ee000 rw-p 00000000 00:00 0 
7f863c1ee000-7f8640000000 ---p 00000000 00:00 0 
7f8640000000-7f8640021000 rw-p 00000000 00:00 0 
7f8640021000-7f8644000000 ---p 00000000 00:00 0 
7f8644000000-7f8644021000 rw-p 00000000 00:00 0 
7f8644021000-7f8648000000 ---p 00000000 00:00 0 
7f864aaf1000-7f864ac31000 rw-p 00000000 00:00 0 
7f864ac31000-7f864acf1000 ---p 00000000 00:00 0 
7f864acf1000-7f864aef1000 rw-p 00000000 00:00 0 
7f864aef1000-7f864aef4000 ---p 00000000 00:00 0 
7f864aef4000-7f864aff2000 rw-p 00000000 00:00 0 
7f864aff2000-7f864aff5000 ---p 00000000 00:00 0 
7f864aff5000-7f864b0f3000 rw-p 00000000 00:00 0 
7f864b0f3000-7f864b0f6000 ---p 00000000 00:00 0 
7f864b0f6000-7f864b1f4000 rw-p 00000000 00:00 0 
7f864b1f4000-7f864b1f7000 ---p 00000000 00:00 0 
7f864b1f7000-7f864b2f5000 rw-p 00000000 00:00 0 
7f864b2f5000-7f864b2f8000 ---p 00000000 00:00 0 
7f864b2f8000-7f864b3f6000 rw-p 00000000 00:00 0 
7f864b3f6000-7f864b3f9000 ---p 00000000 00:00 0 
7f864b3f9000-7f864b4f7000 rw-p 00000000 00:00 0 
7f864b4f7000-7f864b4fa000 ---p 00000000 00:00 0 
7f864b4fa000-7f864b5f8000 rw-p 00000000 00:00 0 
7f864b5f8000-7f864b5fb000 ---p 00000000 00:00 0 
7f864b5fb000-7f864b6f9000 rw-p 00000000 00:00 0 
7f864b6f9000-7f864b6fc000 ---p 00000000 00:00 0 
7f864b6fc000-7f864b7fa000 rw-p 00000000 00:00 0 
7f864b7fa000-7f864b7fd000 ---p 00000000 00:00 0 
7f864b7fd000-7f864b8fb000 rw-p 00000000 00:00 0 
7f864b8fb000-7f864b8fe000 ---p 00000000 00:00 0 
7f864b8fe000-7f864b9fc000 rw-p 00000000 00:00 0 
7f864b9fc000-7f864b9ff000 ---p 00000000 00:00 0 
7f864b9ff000-7f864bafd000 rw-p 00000000 00:00 0 
7f864bafd000-7f864bb00000 ---p 00000000 00:00 0 
7f864bb00000-7f864bbfe000 rw-p 00000000 00:00 0 
7f864bbfe000-7f864bc01000 ---p 00000000 00:00 0 
7f864bc01000-7f864bcff000 rw-p 00000000 00:00 0 
7f864bcff000-7f864bd02000 ---p 00000000 00:00 0 
7f864bd02000-7f864c000000 rw-p 00000000 00:00 0 
7f864c000000-7f864c02f000 rw-p 00000000 00:00 0 
7f864c02f000-7f8650000000 ---p 00000000 00:00 0 
7f8650000000-7f8650021000 rw-p 00000000 00:00 0 
7f8650021000-7f8654000000 ---p 00000000 00:00 0 
7f8654000000-7f8654021000 rw-p 00000000 00:00 0 
7f8654021000-7f8658000000 ---p 00000000 00:00 0 
7f8658000000-7f8658021000 rw-p 00000000 00:00 0 
7f8658021000-7f865c000000 ---p 00000000 00:00 0 
7f865c000000-7f865c021000 rw-p 00000000 00:00 0 
7f865c021000-7f8660000000 ---p 00000000 00:00 0 
7f8660000000-7f8660021000 rw-p 00000000 00:00 0 
7f8660021000-7f8664000000 ---p 00000000 00:00 0 
7f8664000000-7f8664060000 rw-p 00000000 00:00 0 
7f8664060000-7f8668000000 ---p 00000000 00:00 0 
7f8668000000-7f8668130000 rw-p 00000000 00:00 0 
7f8668130000-7f866c000000 ---p 00000000 00:00 0 
7f866c000000-7f866d5fa000 rw-p 00000000 00:00 0 
7f866d5fa000-7f8670000000 ---p 00000000 00:00 0 
7f8670000000-7f8670342000 rw-p 00000000 00:00 0 
7f8670342000-7f8674000000 ---p 00000000 00:00 0 
7f8674000000-7f8674021000 rw-p 00000000 00:00 0 
7f8674021000-7f8678000000 ---p 00000000 00:00 0 
7f8678000000-7f8678021000 rw-p 00000000 00:00 0 
7f8678021000-7f867c000000 ---p 00000000 00:00 0 
7f867c000000-7f867d1bd000 rw-p 00000000 00:00 0 
7f867d1bd000-7f8680000000 ---p 00000000 00:00 0 
7f8680000000-7f8680021000 rw-p 00000000 00:00 0 
7f8680021000-7f8684000000 ---p 00000000 00:00 0 
7f8684000000-7f8686cea000 rw-p 00000000 00:00 0 
7f8686cea000-7f8688000000 ---p 00000000 00:00 0 
7f8688000000-7f868b067000 rw-p 00000000 00:00 0 
7f868b067000-7f868c000000 ---p 00000000 00:00 0 
7f868c000000-7f868c021000 rw-p 00000000 00:00 0 
7f868c021000-7f8690000000 ---p 00000000 00:00 0 
7f8690000000-7f8690021000 rw-p 00000000 00:00 0 
7f8690021000-7f8694000000 ---p 00000000 00:00 0 
7f8694000000-7f8694083000 rw-p 00000000 00:00 0 
7f8694083000-7f8698000000 ---p 00000000 00:00 0 
7f8698000000-7f8698021000 rw-p 00000000 00:00 0 
7f8698021000-7f869c000000 ---p 00000000 00:00 0 
7f869c000000-7f869c021000 rw-p 00000000 00:00 0 
7f869c021000-7f86a0000000 ---p 00000000 00:00 0 
7f86a0000000-7f86a0027000 rw-p 00000000 00:00 0 
7f86a0027000-7f86a4000000 ---p 00000000 00:00 0 
7f86a4000000-7f86a4021000 rw-p 00000000 00:00 0 
7f86a4021000-7f86a8000000 ---p 00000000 00:00 0 
7f86a80ac000-7f86a80af000 ---p 00000000 00:00 0 
7f86a80af000-7f86a81ad000 rw-p 00000000 00:00 0 
7f86a81ad000-7f86a81b0000 ---p 00000000 00:00 0 
7f86a81b0000-7f86a84ae000 rw-p 00000000 00:00 0 
7f86a84ae000-7f86a86ae000 rw-p 00000000 00:00 0 
7f86a86ae000-7f86a88ae000 rw-p 00000000 00:00 0 
7f86a88ae000-7f86a8aae000 rw-p 00000000 00:00 0 
7f86a8aae000-7f86a8cae000 rw-p 00000000 00:00 0 
7f86a8cae000-7f86a8eae000 rw-p 00000000 00:00 0 
7f86a8eae000-7f86a8eb1000 ---p 00000000 00:00 0 
7f86a8eb1000-7f86a8faf000 rw-p 00000000 00:00 0 
7f86a8faf000-7f86a8fb2000 ---p 00000000 00:00 0 
7f86a8fb2000-7f86a92b0000 rw-p 00000000 00:00 0 
7f86a92b0000-7f86ad000000 rw-p 00000000 00:00 0 
7f86ad008000-7f86ad208000 rw-p 00000000 00:00 0 
7f86ad208000-7f86ad20b000 ---p 00000000 00:00 0 
7f86ad20b000-7f86ad309000 rw-p 00000000 00:00 0 
7f86ad309000-7f86ad30c000 ---p 00000000 00:00 0 
7f86ad30c000-7f86ad40a000 rw-p 00000000 00:00 0 
7f86ad40a000-7f86ad40d000 ---p 00000000 00:00 0 
7f86ad40d000-7f86ad70b000 rw-p 00000000 00:00 0 
7f86ad70b000-7f86ad710000 r--s 002f9000 08:01 274053                     /usr/lib/jvm/java-8-openjdk-amd64/jre/lib/charsets.jar
7f86ad710000-7f86ad715000 r--s 0009d000 08:01 274086                     /usr/lib/jvm/java-8-openjdk-amd64/jre/lib/jsse.jar
7f86ad715000-7f86ad915000 rw-p 00000000 00:00 0 
7f86ad915000-7f86adb15000 rw-p 00000000 00:00 0 
7f86adb15000-7f86add15000 rw-p 00000000 00:00 0 
7f86add15000-7f86adf15000 rw-p 00000000 00:00 0 
7f86adf15000-7f86ae115000 rw-p 00000000 00:00 0 
7f86ae115000-7f86ae118000 ---p 00000000 00:00 0 
7f86ae118000-7f86ae416000 rw-p 00000000 00:00 0 
7f86ae416000-7f86ae427000 r-xp 00000000 08:01 274042                     /usr/lib/jvm/java-8-openjdk-amd64/jre/lib/amd64/libnio.so
7f86ae427000-7f86ae627000 ---p 00011000 08:01 274042                     /usr/lib/jvm/java-8-openjdk-amd64/jre/lib/amd64/libnio.so
7f86ae627000-7f86ae628000 r--p 00011000 08:01 274042                     /usr/lib/jvm/java-8-openjdk-amd64/jre/lib/amd64/libnio.so
7f86ae628000-7f86ae629000 rw-p 00012000 08:01 274042                     /usr/lib/jvm/java-8-openjdk-amd64/jre/lib/amd64/libnio.so
7f86ae629000-7f86ae829000 rw-p 00000000 00:00 0 
7f86ae829000-7f86aea29000 rw-p 00000000 00:00 0 
7f86aea29000-7f86aea3f000 r-xp 00000000 08:01 274041                     /usr/lib/jvm/java-8-openjdk-amd64/jre/lib/amd64/libnet.so
7f86aea3f000-7f86aec3f000 ---p 00016000 08:01 274041                     /usr/lib/jvm/java-8-openjdk-amd64/jre/lib/amd64/libnet.so
7f86aec3f000-7f86aec40000 r--p 00016000 08:01 274041                     /usr/lib/jvm/java-8-openjdk-amd64/jre/lib/amd64/libnet.so
7f86aec40000-7f86aec41000 rw-p 00017000 08:01 274041                     /usr/lib/jvm/java-8-openjdk-amd64/jre/lib/amd64/libnet.so
7f86aec41000-7f86aee41000 rw-p 00000000 00:00 0 
7f86aee41000-7f86aee4a000 r-xp 00000000 08:01 274039                     /usr/lib/jvm/java-8-openjdk-amd64/jre/lib/amd64/libmanagement.so
7f86aee4a000-7f86af049000 ---p 00009000 08:01 274039                     /usr/lib/jvm/java-8-openjdk-amd64/jre/lib/amd64/libmanagement.so
7f86af049000-7f86af04a000 r--p 00008000 08:01 274039                     /usr/lib/jvm/java-8-openjdk-amd64/jre/lib/amd64/libmanagement.so
7f86af04a000-7f86af04b000 rw-p 00009000 08:01 274039                     /usr/lib/jvm/java-8-openjdk-amd64/jre/lib/amd64/libmanagement.so
7f86af04b000-7f86af24b000 rw-p 00000000 00:00 0 
7f86af24b000-7f86af24e000 ---p 00000000 00:00 0 
7f86af24e000-7f86af34c000 rw-p 00000000 00:00 0 
7f86af34c000-7f86af34f000 ---p 00000000 00:00 0 
7f86af34f000-7f86af44d000 rw-p 00000000 00:00 0 
7f86af44d000-7f86af450000 ---p 00000000 00:00 0 
7f86af450000-7f86af54e000 rw-p 00000000 00:00 0 
7f86af54e000-7f86af550000 r--s 00009000 08:01 7997467                    /home/webwerks/.m2/repository/org/slf4j/slf4j-api/1.7.25/slf4j-api-1.7.25.jar
7f86af550000-7f86af552000 r--s 00008000 08:01 8127392                    /home/webwerks/.m2/repository/org/thymeleaf/extras/thymeleaf-extras-springsecurity4/3.0.2.RELEASE/thymeleaf-extras-springsecurity4-3.0.2.RELEASE.jar
7f86af552000-7f86af557000 r--s 00040000 08:01 7997424                    /home/webwerks/.m2/repository/org/springframework/spring-expression/5.0.8.RELEASE/spring-expression-5.0.8.RELEASE.jar
7f86af557000-7f86af559000 r--s 00004000 08:01 7997389                    /home/webwerks/.m2/repository/org/springframework/spring-jcl/5.0.8.RELEASE/spring-jcl-5.0.8.RELEASE.jar
7f86af559000-7f86af571000 r--s 00114000 08:01 7997376                    /home/webwerks/.m2/repository/org/springframework/spring-core/5.0.8.RELEASE/spring-core-5.0.8.RELEASE.jar
7f86af571000-7f86af58b000 r--s 000f1000 08:01 7997417                    /home/webwerks/.m2/repository/org/springframework/spring-context/5.0.8.RELEASE/spring-context-5.0.8.RELEASE.jar
7f86af58b000-7f86af598000 r--s 00095000 08:01 7997411                    /home/webwerks/.m2/repository/org/springframework/spring-beans/5.0.8.RELEASE/spring-beans-5.0.8.RELEASE.jar
7f86af598000-7f86af5a1000 r--s 00051000 08:01 7997405                    /home/webwerks/.m2/repository/org/springframework/spring-aop/5.0.8.RELEASE/spring-aop-5.0.8.RELEASE.jar
7f86af5a1000-7f86af5ad000 r--s 0005c000 08:01 8262907                    /home/webwerks/.m2/repository/org/springframework/security/spring-security-core/5.0.7.RELEASE/spring-security-core-5.0.7.RELEASE.jar
7f86af5ad000-7f86af5ba000 r--s 0006c000 08:01 8262901                    /home/webwerks/.m2/repository/org/springframework/security/spring-security-web/5.0.7.RELEASE/spring-security-web-5.0.7.RELEASE.jar
7f86af5ba000-7f86af5c4000 r--s 000ec000 08:01 8127047                    /home/webwerks/.m2/repository/mysql/mysql-connector-java/5.1.46/mysql-connector-java-5.1.46.jar
7f86af5c4000-7f86af5e5000 r--s 000fd000 08:01 7998308                    /home/webwerks/.m2/repository/org/springframework/boot/spring-boot-autoconfigure/2.0.4.RELEASE/spring-boot-autoconfigure-2.0.4.RELEASE.jar
7f86af5e5000-7f86af5fa000 r--s 000d0000 08:01 7998306                    /home/webwerks/.m2/repository/org/springframework/boot/spring-boot/2.0.4.RELEASE/spring-boot-2.0.4.RELEASE.jar
7f86af5fa000-7f86af614000 r--s 0011b000 08:01 7997430                    /home/webwerks/.m2/repository/org/springframework/spring-web/5.0.8.RELEASE/spring-web-5.0.8.RELEASE.jar
7f86af614000-7f86af631000 r--s 000fe000 08:01 7998296                    /home/webwerks/.m2/repository/org/hibernate/validator/hibernate-validator/6.0.11.Final/hibernate-validator-6.0.11.Final.jar
7f86af631000-7f86b0000000 r--p 00000000 08:01 268956                     /usr/lib/locale/locale-archive
7f86b0000000-7f86b0021000 rw-p 00000000 00:00 0 
7f86b0021000-7f86b4000000 ---p 00000000 00:00 0 
7f86b4000000-7f86b4006000 r--s 0002d000 08:01 7998304                    /home/webwerks/.m2/repository/org/springframework/boot/spring-boot-devtools/2.0.4.RELEASE/spring-boot-devtools-2.0.4.RELEASE.jar
7f86b4006000-7f86b4016000 r--s 000b2000 08:01 7997396                    /home/webwerks/.m2/repository/org/springframework/spring-webmvc/5.0.8.RELEASE/spring-webmvc-5.0.8.RELEASE.jar
7f86b4016000-7f86b401b000 r--s 00012000 08:01 7998298                    /home/webwerks/.m2/repository/javax/validation/validation-api/2.0.1.Final/validation-api-2.0.1.Final.jar
7f86b401b000-7f86b4020000 r--s 0003a000 08:01 7998294                    /home/webwerks/.m2/repository/org/apache/tomcat/embed/tomcat-embed-websocket/8.5.32/tomcat-embed-websocket-8.5.32.jar
7f86b4020000-7f86b4025000 r--s 00037000 08:01 7998292                    /home/webwerks/.m2/repository/org/apache/tomcat/embed/tomcat-embed-el/8.5.32/tomcat-embed-el-8.5.32.jar
7f86b4025000-7f86b404e000 r--s 002d3000 08:01 7998290                    /home/webwerks/.m2/repository/org/apache/tomcat/embed/tomcat-embed-core/8.5.32/tomcat-embed-core-8.5.32.jar
7f86b404e000-7f86b404f000 r--s 00000000 08:01 7998288                    /home/webwerks/.m2/repository/org/springframework/boot/spring-boot-starter-tomcat/2.0.4.RELEASE/spring-boot-starter-tomcat-2.0.4.RELEASE.jar
7f86b404f000-7f86b4051000 r--s 00001000 08:01 7998286                    /home/webwerks/.m2/repository/com/fasterxml/jackson/module/jackson-module-parameter-names/2.9.6/jackson-module-parameter-names-2.9.6.jar
7f86b4051000-7f86b4054000 r--s 00016000 08:01 7998284                    /home/webwerks/.m2/repository/com/fasterxml/jackson/datatype/jackson-datatype-jsr310/2.9.6/jackson-datatype-jsr310-2.9.6.jar
7f86b4054000-7f86b4056000 r--s 00007000 08:01 7998282                    /home/webwerks/.m2/repository/com/fasterxml/jackson/datatype/jackson-datatype-jdk8/2.9.6/jackson-datatype-jdk8-2.9.6.jar
7f86b4056000-7f86b405b000 r--s 0004b000 08:01 7998280                    /home/webwerks/.m2/repository/com/fasterxml/jackson/core/jackson-core/2.9.6/jackson-core-2.9.6.jar
7f86b405b000-7f86b405e000 r--s 0000e000 08:01 7998278                    /home/webwerks/.m2/repository/com/fasterxml/jackson/core/jackson-annotations/2.9.0/jackson-annotations-2.9.0.jar
7f86b405e000-7f86b4071000 r--s 00137000 08:01 7998276                    /home/webwerks/.m2/repository/com/fasterxml/jackson/core/jackson-databind/2.9.6/jackson-databind-2.9.6.jar
7f86b4071000-7f86b4072000 r--s 00000000 08:01 7998274                    /home/webwerks/.m2/repository/org/springframework/boot/spring-boot-starter-json/2.0.4.RELEASE/spring-boot-starter-json-2.0.4.RELEASE.jar
7f86b4072000-7f86b4073000 r--s 00000000 08:01 7998272                    /home/webwerks/.m2/repository/org/springframework/boot/spring-boot-starter-web/2.0.4.RELEASE/spring-boot-starter-web-2.0.4.RELEASE.jar
7f86b4073000-7f86b4074000 r--s 00009000 08:01 7998270                    /home/webwerks/.m2/repository/org/thymeleaf/extras/thymeleaf-extras-java8time/3.0.1.RELEASE/thymeleaf-extras-java8time-3.0.1.RELEASE.jar
7f86b4074000-7f86b4077000 r--s 00026000 08:01 7997458                    /home/webwerks/.m2/repository/org/unbescape/unbescape/1.1.5.RELEASE/unbescape-1.1.5.RELEASE.jar
7f86b4077000-7f86b407b000 r--s 00035000 08:01 7997450                    /home/webwerks/.m2/repository/org/attoparser/attoparser/2.0.4.RELEASE/attoparser-2.0.4.RELEASE.jar
7f86b407b000-7f86b408b000 r--s 000c5000 08:01 7997444                    /home/webwerks/.m2/repository/org/thymeleaf/thymeleaf/3.0.9.RELEASE/thymeleaf-3.0.9.RELEASE.jar
7f86b408b000-7f86b408f000 r--s 00027000 08:01 7997438                    /home/webwerks/.m2/repository/org/thymeleaf/thymeleaf-spring5/3.0.9.RELEASE/thymeleaf-spring5-3.0.9.RELEASE.jar
7f86b408f000-7f86b4090000 r--s 00000000 08:01 7998250                    /home/webwerks/.m2/repository/org/springframework/boot/spring-boot-starter-thymeleaf/2.0.4.RELEASE/spring-boot-starter-thymeleaf-2.0.4.RELEASE.jar
7f86b4090000-7f86b4092000 r--s 0000a000 08:01 8127045                    /home/webwerks/.m2/repository/org/springframework/spring-aspects/5.0.8.RELEASE/spring-aspects-5.0.8.RELEASE.jar
7f86b4092000-7f86b409a000 r--s 00037000 08:01 8127043                    /home/webwerks/.m2/repository/org/springframework/spring-tx/5.0.8.RELEASE/spring-tx-5.0.8.RELEASE.jar
7f86b409a000-7f86b409e000 r--s 0002b000 08:01 8127041                    /home/webwerks/.m2/repository/org/springframework/spring-orm/5.0.8.RELEASE/spring-orm-5.0.8.RELEASE.jar
7f86b409e000-7f86b40b5000 r--s 000f1000 08:01 8127039                    /home/webwerks/.m2/repository/org/springframework/data/spring-data-commons/2.0.9.RELEASE/spring-data-commons-2.0.9.RELEASE.jar
7f86b40b5000-7f86b40bd000 r--s 0004b000 08:01 8127037                    /home/webwerks/.m2/repository/org/springframework/data/spring-data-jpa/2.0.9.RELEASE/spring-data-jpa-2.0.9.RELEASE.jar
7f86b40bd000-7f86b40bf000 r--s 00006000 08:01 8127035                    /home/webwerks/.m2/repository/javax/transaction/javax.transaction-api/1.2/javax.transaction-api-1.2.jar
7f86b40bf000-7f86b40c2000 r--s 00010000 08:01 8127033                    /home/webwerks/.m2/repository/org/hibernate/common/hibernate-commons-annotations/5.0.1.Final/hibernate-commons-annotations-5.0.1.Final.jar
7f86b40c2000-7f86b40c7000 r--s 00048000 08:01 8127031                    /home/webwerks/.m2/repository/dom4j/dom4j/1.6.1/dom4j-1.6.1.jar
7f86b40c7000-7f86b40c9000 r--s 0000e000 08:01 7998302                    /home/webwerks/.m2/repository/com/fasterxml/classmate/1.3.4/classmate-1.3.4.jar
7f86b40c9000-7f86b40cc000 r--s 0002b000 08:01 8127029                    /home/webwerks/.m2/repository/org/jboss/jandex/2.0.3.Final/jandex-2.0.3.Final.jar
7f86b40cc000-7f86b40d1000 r--s 00068000 08:01 8127027                    /home/webwerks/.m2/repository/antlr/antlr/2.7.7/antlr-2.7.7.jar
7f86b40d1000-7f86b40db000 r--s 000ab000 08:01 8127025                    /home/webwerks/.m2/repository/org/javassist/javassist/3.22.0-GA/javassist-3.22.0-GA.jar
7f86b40db000-7f86b40e0000 r--s 00017000 08:01 8127023                    /home/webwerks/.m2/repository/org/hibernate/javax/persistence/hibernate-jpa-2.1-api/1.0.2.Final/hibernate-jpa-2.1-api-1.0.2.Final.jar
7f86b40e0000-7f86b40e2000 r--s 0000f000 08:01 7998300                    /home/webwerks/.m2/repository/org/jboss/logging/jboss-logging/3.3.2.Final/jboss-logging-3.3.2.Final.jar
7f86b40e2000-7f86b4160000 r--s 005f0000 08:01 8127021                    /home/webwerks/.m2/repository/org/hibernate/hibernate-core/5.2.17.Final/hibernate-core-5.2.17.Final.jar
7f86b4160000-7f86b4169000 r--s 00059000 08:01 8127019                    /home/webwerks/.m2/repository/org/springframework/spring-jdbc/5.0.8.RELEASE/spring-jdbc-5.0.8.RELEASE.jar
7f86b4169000-7f86b416d000 r--s 00020000 08:01 8127017                    /home/webwerks/.m2/repository/com/zaxxer/HikariCP/2.7.9/HikariCP-2.7.9.jar
7f86b416d000-7f86b416e000 r--s 00000000 08:01 8127015                    /home/webwerks/.m2/repository/org/springframework/boot/spring-boot-starter-jdbc/2.0.4.RELEASE/spring-boot-starter-jdbc-2.0.4.RELEASE.jar
7f86b416e000-7f86b4187000 r--s 001bf000 08:01 8127013                    /home/webwerks/.m2/repository/org/aspectj/aspectjweaver/1.8.13/aspectjweaver-1.8.13.jar
7f86b4187000-7f86b418e000 r--s 00042000 08:01 7998268                    /home/webwerks/.m2/repository/org/yaml/snakeyaml/1.19/snakeyaml-1.19.jar
7f86b418e000-7f86b4190000 r--s 00005000 08:01 7998266                    /home/webwerks/.m2/repository/javax/annotation/javax.annotation-api/1.3.2/javax.annotation-api-1.3.2.jar
7f86b4190000-7f86b4192000 r--s 00000000 08:01 7998264                    /home/webwerks/.m2/repository/org/slf4j/jul-to-slf4j/1.7.25/jul-to-slf4j-1.7.25.jar
7f86b4192000-7f86b4198000 r--s 00039000 08:01 7998262                    /home/webwerks/.m2/repository/org/apache/logging/log4j/log4j-api/2.10.0/log4j-api-2.10.0.jar
7f86b4198000-7f86b41a3000 r--s 00069000 08:01 7998258                    /home/webwerks/.m2/repository/ch/qos/logback/logback-core/1.2.3/logback-core-1.2.3.jar
7f86b41a3000-7f86b41a9000 r--s 00041000 08:01 7998256                    /home/webwerks/.m2/repository/ch/qos/logback/logback-classic/1.2.3/logback-classic-1.2.3.jar
7f86b41a9000-7f86b41bc000 r--s 00346000 08:01 274091                     /usr/lib/jvm/java-8-openjdk-amd64/jre/lib/resources.jar
7f86b41bc000-7f86b41d7000 r--s 001d6000 08:01 274068                     /usr/lib/jvm/java-8-openjdk-amd64/jre/lib/ext/nashorn.jar
7f86b41d7000-7f86b41f2000 r--s 00394000 08:01 274063                     /usr/lib/jvm/java-8-openjdk-amd64/jre/lib/ext/cldrdata.jar
7f86b41f2000-7f86b41f3000 ---p 00000000 00:00 0 
7f86b41f3000-7f86b42f3000 rw-p 00000000 00:00 0 
7f86b42f3000-7f86b42f6000 ---p 00000000 00:00 0 
7f86b42f6000-7f86b43f4000 rw-p 00000000 00:00 0 
7f86b43f4000-7f86b43f5000 ---p 00000000 00:00 0 
7f86b43f5000-7f86b43f8000 ---p 00000000 00:00 0 
7f86b43f8000-7f86b44f5000 rw-p 00000000 00:00 0 
7f86b44f5000-7f86b44f6000 ---p 00000000 00:00 0 
7f86b44f6000-7f86b44f9000 ---p 00000000 00:00 0 
7f86b44f9000-7f86b45f6000 rw-p 00000000 00:00 0 
7f86b45f6000-7f86b45f7000 ---p 00000000 00:00 0 
7f86b45f7000-7f86b45fa000 ---p 00000000 00:00 0 
7f86b45fa000-7f86b46f7000 rw-p 00000000 00:00 0 
7f86b46f7000-7f86b46fa000 ---p 00000000 00:00 0 
7f86b46fa000-7f86b47f8000 rw-p 00000000 00:00 0 
7f86b47f8000-7f86b47fb000 ---p 00000000 00:00 0 
7f86b47fb000-7f86b48f9000 rw-p 00000000 00:00 0 
7f86b48f9000-7f86b48fc000 ---p 00000000 00:00 0 
7f86b48fc000-7f86b49fa000 rw-p 00000000 00:00 0 
7f86b49fa000-7f86b49fb000 ---p 00000000 00:00 0 
7f86b49fb000-7f86b5000000 rw-p 00000000 00:00 0 
7f86b5000000-7f86b60c0000 rwxp 00000000 00:00 0 
7f86b60c0000-7f86c4000000 ---p 00000000 00:00 0 
7f86c4000000-7f86c4805000 rw-p 00000000 00:00 0 
7f86c4805000-7f86c8000000 ---p 00000000 00:00 0 
7f86c8000000-7f86c8001000 r--s 00000000 08:01 8127011                    /home/webwerks/.m2/repository/org/springframework/boot/spring-boot-starter-aop/2.0.4.RELEASE/spring-boot-starter-aop-2.0.4.RELEASE.jar
7f86c8001000-7f86c8003000 r--s 00003000 08:01 7998260                    /home/webwerks/.m2/repository/org/apache/logging/log4j/log4j-to-slf4j/2.10.0/log4j-to-slf4j-2.10.0.jar
7f86c8003000-7f86c8008000 r--s 002f9000 08:01 274053                     /usr/lib/jvm/java-8-openjdk-amd64/jre/lib/charsets.jar
7f86c8008000-7f86c8ae4000 rw-p 00000000 00:00 0 
7f86c8ae4000-7f86c8cb3000 r--s 03c2f000 08:01 274092                     /usr/lib/jvm/java-8-openjdk-amd64/jre/lib/rt.jar
7f86c8cb3000-7f86c98fe000 rw-p 00000000 00:00 0 
7f86c98fe000-7f86c98ff000 ---p 00000000 00:00 0 
7f86c98ff000-7f86c99ff000 rw-p 00000000 00:00 0 
7f86c99ff000-7f86c9a00000 ---p 00000000 00:00 0 
7f86c9a00000-7f86c9b00000 rw-p 00000000 00:00 0 
7f86c9b00000-7f86c9b01000 ---p 00000000 00:00 0 
7f86c9b01000-7f86c9c01000 rw-p 00000000 00:00 0 
7f86c9c01000-7f86c9c02000 ---p 00000000 00:00 0 
7f86c9c02000-7f86c9d3a000 rw-p 00000000 00:00 0 
7f86c9d3a000-7f86c9f90000 ---p 00000000 00:00 0 
7f86c9f90000-7f86c9fc8000 rw-p 00000000 00:00 0 
7f86c9fc8000-7f86ca21e000 ---p 00000000 00:00 0 
7f86ca21e000-7f86ca2ef000 rw-p 00000000 00:00 0 
7f86ca2ef000-7f86ca365000 ---p 00000000 00:00 0 
7f86ca365000-7f86ca3a9000 rw-p 00000000 00:00 0 
7f86ca3a9000-7f86ca726000 ---p 00000000 00:00 0 
7f86ca726000-7f86ca72e000 r-xp 00000000 08:01 274049                     /usr/lib/jvm/java-8-openjdk-amd64/jre/lib/amd64/libzip.so
7f86ca72e000-7f86ca92d000 ---p 00008000 08:01 274049                     /usr/lib/jvm/java-8-openjdk-amd64/jre/lib/amd64/libzip.so
7f86ca92d000-7f86ca92e000 r--p 00007000 08:01 274049                     /usr/lib/jvm/java-8-openjdk-amd64/jre/lib/amd64/libzip.so
7f86ca92e000-7f86ca92f000 rw-p 00008000 08:01 274049                     /usr/lib/jvm/java-8-openjdk-amd64/jre/lib/amd64/libzip.so
7f86ca92f000-7f86ca93a000 r-xp 00000000 08:01 3674824                    /lib/x86_64-linux-gnu/libnss_files-2.27.so
7f86ca93a000-7f86cab39000 ---p 0000b000 08:01 3674824                    /lib/x86_64-linux-gnu/libnss_files-2.27.so
7f86cab39000-7f86cab3a000 r--p 0000a000 08:01 3674824                    /lib/x86_64-linux-gnu/libnss_files-2.27.so
7f86cab3a000-7f86cab3b000 rw-p 0000b000 08:01 3674824                    /lib/x86_64-linux-gnu/libnss_files-2.27.so
7f86cab3b000-7f86cab41000 rw-p 00000000 00:00 0 
7f86cab41000-7f86cab58000 r-xp 00000000 08:01 3674818                    /lib/x86_64-linux-gnu/libnsl-2.27.so
7f86cab58000-7f86cad57000 ---p 00017000 08:01 3674818                    /lib/x86_64-linux-gnu/libnsl-2.27.so
7f86cad57000-7f86cad58000 r--p 00016000 08:01 3674818                    /lib/x86_64-linux-gnu/libnsl-2.27.so
7f86cad58000-7f86cad59000 rw-p 00017000 08:01 3674818                    /lib/x86_64-linux-gnu/libnsl-2.27.so
7f86cad59000-7f86cad5b000 rw-p 00000000 00:00 0 
7f86cad5b000-7f86cad66000 r-xp 00000000 08:01 3674835                    /lib/x86_64-linux-gnu/libnss_nis-2.27.so
7f86cad66000-7f86caf65000 ---p 0000b000 08:01 3674835                    /lib/x86_64-linux-gnu/libnss_nis-2.27.so
7f86caf65000-7f86caf66000 r--p 0000a000 08:01 3674835                    /lib/x86_64-linux-gnu/libnss_nis-2.27.so
7f86caf66000-7f86caf67000 rw-p 0000b000 08:01 3674835                    /lib/x86_64-linux-gnu/libnss_nis-2.27.so
7f86caf67000-7f86caf6f000 r-xp 00000000 08:01 3674820                    /lib/x86_64-linux-gnu/libnss_compat-2.27.so
7f86caf6f000-7f86cb16f000 ---p 00008000 08:01 3674820                    /lib/x86_64-linux-gnu/libnss_compat-2.27.so
7f86cb16f000-7f86cb170000 r--p 00008000 08:01 3674820                    /lib/x86_64-linux-gnu/libnss_compat-2.27.so
7f86cb170000-7f86cb171000 rw-p 00009000 08:01 3674820                    /lib/x86_64-linux-gnu/libnss_compat-2.27.so
7f86cb171000-7f86cb19f000 r-xp 00000000 08:01 274030                     /usr/lib/jvm/java-8-openjdk-amd64/jre/lib/amd64/libjava.so
7f86cb19f000-7f86cb39e000 ---p 0002e000 08:01 274030                     /usr/lib/jvm/java-8-openjdk-amd64/jre/lib/amd64/libjava.so
7f86cb39e000-7f86cb39f000 r--p 0002d000 08:01 274030                     /usr/lib/jvm/java-8-openjdk-amd64/jre/lib/amd64/libjava.so
7f86cb39f000-7f86cb3a1000 rw-p 0002e000 08:01 274030                     /usr/lib/jvm/java-8-openjdk-amd64/jre/lib/amd64/libjava.so
7f86cb3a1000-7f86cb3b1000 r-xp 00000000 08:01 274048                     /usr/lib/jvm/java-8-openjdk-amd64/jre/lib/amd64/libverify.so
7f86cb3b1000-7f86cb5b0000 ---p 00010000 08:01 274048                     /usr/lib/jvm/java-8-openjdk-amd64/jre/lib/amd64/libverify.so
7f86cb5b0000-7f86cb5b2000 r--p 0000f000 08:01 274048                     /usr/lib/jvm/java-8-openjdk-amd64/jre/lib/amd64/libverify.so
7f86cb5b2000-7f86cb5b3000 rw-p 00011000 08:01 274048                     /usr/lib/jvm/java-8-openjdk-amd64/jre/lib/amd64/libverify.so
7f86cb5b3000-7f86cb5ba000 r-xp 00000000 08:01 3674875                    /lib/x86_64-linux-gnu/librt-2.27.so
7f86cb5ba000-7f86cb7b9000 ---p 00007000 08:01 3674875                    /lib/x86_64-linux-gnu/librt-2.27.so
7f86cb7b9000-7f86cb7ba000 r--p 00006000 08:01 3674875                    /lib/x86_64-linux-gnu/librt-2.27.so
7f86cb7ba000-7f86cb7bb000 rw-p 00007000 08:01 3674875                    /lib/x86_64-linux-gnu/librt-2.27.so
7f86cb7bb000-7f86cb7d2000 r-xp 00000000 08:01 3674771                    /lib/x86_64-linux-gnu/libgcc_s.so.1
7f86cb7d2000-7f86cb9d1000 ---p 00017000 08:01 3674771                    /lib/x86_64-linux-gnu/libgcc_s.so.1
7f86cb9d1000-7f86cb9d2000 r--p 00016000 08:01 3674771                    /lib/x86_64-linux-gnu/libgcc_s.so.1
7f86cb9d2000-7f86cb9d3000 rw-p 00017000 08:01 3674771                    /lib/x86_64-linux-gnu/libgcc_s.so.1
7f86cb9d3000-7f86cbb70000 r-xp 00000000 08:01 3674797                    /lib/x86_64-linux-gnu/libm-2.27.so
7f86cbb70000-7f86cbd6f000 ---p 0019d000 08:01 3674797                    /lib/x86_64-linux-gnu/libm-2.27.so
7f86cbd6f000-7f86cbd70000 r--p 0019c000 08:01 3674797                    /lib/x86_64-linux-gnu/libm-2.27.so
7f86cbd70000-7f86cbd71000 rw-p 0019d000 08:01 3674797                    /lib/x86_64-linux-gnu/libm-2.27.so
7f86cbd71000-7f86cbeef000 r-xp 00000000 08:01 271085                     /usr/lib/x86_64-linux-gnu/libstdc++.so.6.0.25
7f86cbeef000-7f86cc0ef000 ---p 0017e000 08:01 271085                     /usr/lib/x86_64-linux-gnu/libstdc++.so.6.0.25
7f86cc0ef000-7f86cc0f9000 r--p 0017e000 08:01 271085                     /usr/lib/x86_64-linux-gnu/libstdc++.so.6.0.25
7f86cc0f9000-7f86cc0fb000 rw-p 00188000 08:01 271085                     /usr/lib/x86_64-linux-gnu/libstdc++.so.6.0.25
7f86cc0fb000-7f86cc0ff000 rw-p 00000000 00:00 0 
7f86cc0ff000-7f86ccd90000 r-xp 00000000 08:01 274052                     /usr/lib/jvm/java-8-openjdk-amd64/jre/lib/amd64/server/libjvm.so
7f86ccd90000-7f86ccf90000 ---p 00c91000 08:01 274052                     /usr/lib/jvm/java-8-openjdk-amd64/jre/lib/amd64/server/libjvm.so
7f86ccf90000-7f86cd023000 r--p 00c91000 08:01 274052                     /usr/lib/jvm/java-8-openjdk-amd64/jre/lib/amd64/server/libjvm.so
7f86cd023000-7f86cd04b000 rw-p 00d24000 08:01 274052                     /usr/lib/jvm/java-8-openjdk-amd64/jre/lib/amd64/server/libjvm.so
7f86cd04b000-7f86cd07c000 rw-p 00000000 00:00 0 
7f86cd07c000-7f86cd096000 r-xp 00000000 08:01 3674867                    /lib/x86_64-linux-gnu/libpthread-2.27.so
7f86cd096000-7f86cd295000 ---p 0001a000 08:01 3674867                    /lib/x86_64-linux-gnu/libpthread-2.27.so
7f86cd295000-7f86cd296000 r--p 00019000 08:01 3674867                    /lib/x86_64-linux-gnu/libpthread-2.27.so
7f86cd296000-7f86cd297000 rw-p 0001a000 08:01 3674867                    /lib/x86_64-linux-gnu/libpthread-2.27.so
7f86cd297000-7f86cd29b000 rw-p 00000000 00:00 0 
7f86cd29b000-7f86cd29e000 r-xp 00000000 08:01 3674757                    /lib/x86_64-linux-gnu/libdl-2.27.so
7f86cd29e000-7f86cd49d000 ---p 00003000 08:01 3674757                    /lib/x86_64-linux-gnu/libdl-2.27.so
7f86cd49d000-7f86cd49e000 r--p 00002000 08:01 3674757                    /lib/x86_64-linux-gnu/libdl-2.27.so
7f86cd49e000-7f86cd49f000 rw-p 00003000 08:01 3674757                    /lib/x86_64-linux-gnu/libdl-2.27.so
7f86cd49f000-7f86cd4bb000 r-xp 00000000 08:01 3674906                    /lib/x86_64-linux-gnu/libz.so.1.2.11
7f86cd4bb000-7f86cd6ba000 ---p 0001c000 08:01 3674906                    /lib/x86_64-linux-gnu/libz.so.1.2.11
7f86cd6ba000-7f86cd6bb000 r--p 0001b000 08:01 3674906                    /lib/x86_64-linux-gnu/libz.so.1.2.11
7f86cd6bb000-7f86cd6bc000 rw-p 0001c000 08:01 3674906                    /lib/x86_64-linux-gnu/libz.so.1.2.11
7f86cd6bc000-7f86cd8a3000 r-xp 00000000 08:01 3674734                    /lib/x86_64-linux-gnu/libc-2.27.so
7f86cd8a3000-7f86cdaa3000 ---p 001e7000 08:01 3674734                    /lib/x86_64-linux-gnu/libc-2.27.so
7f86cdaa3000-7f86cdaa7000 r--p 001e7000 08:01 3674734                    /lib/x86_64-linux-gnu/libc-2.27.so
7f86cdaa7000-7f86cdaa9000 rw-p 001eb000 08:01 3674734                    /lib/x86_64-linux-gnu/libc-2.27.so
7f86cdaa9000-7f86cdaad000 rw-p 00000000 00:00 0 
7f86cdaad000-7f86cdabb000 r-xp 00000000 08:01 274016                     /usr/lib/jvm/java-8-openjdk-amd64/jre/lib/amd64/jli/libjli.so
7f86cdabb000-7f86cdcba000 ---p 0000e000 08:01 274016                     /usr/lib/jvm/java-8-openjdk-amd64/jre/lib/amd64/jli/libjli.so
7f86cdcba000-7f86cdcbb000 r--p 0000d000 08:01 274016                     /usr/lib/jvm/java-8-openjdk-amd64/jre/lib/amd64/jli/libjli.so
7f86cdcbb000-7f86cdcbc000 rw-p 0000e000 08:01 274016                     /usr/lib/jvm/java-8-openjdk-amd64/jre/lib/amd64/jli/libjli.so
7f86cdcbc000-7f86cdce3000 r-xp 00000000 08:01 3674706                    /lib/x86_64-linux-gnu/ld-2.27.so
7f86cdce3000-7f86cdce4000 r--s 00000000 08:01 7998254                    /home/webwerks/.m2/repository/org/springframework/boot/spring-boot-starter-logging/2.0.4.RELEASE/spring-boot-starter-logging-2.0.4.RELEASE.jar
7f86cdce4000-7f86cdce5000 r--s 00000000 08:01 7998252                    /home/webwerks/.m2/repository/org/springframework/boot/spring-boot-starter/2.0.4.RELEASE/spring-boot-starter-2.0.4.RELEASE.jar
7f86cdce5000-7f86cdce6000 r--s 00000000 08:01 8127009                    /home/webwerks/.m2/repository/org/springframework/boot/spring-boot-starter-data-jpa/2.0.4.RELEASE/spring-boot-starter-data-jpa-2.0.4.RELEASE.jar
7f86cdce6000-7f86cdce8000 r--s 00016000 08:01 274084                     /usr/lib/jvm/java-8-openjdk-amd64/jre/lib/jce.jar
7f86cdce8000-7f86cdced000 r--s 0009d000 08:01 274086                     /usr/lib/jvm/java-8-openjdk-amd64/jre/lib/jsse.jar
7f86cdced000-7f86cdcf0000 r--s 0000f000 08:01 274065                     /usr/lib/jvm/java-8-openjdk-amd64/jre/lib/ext/icedtea-sound.jar
7f86cdcf0000-7f86cdcf6000 r--s 0003b000 08:01 274070                     /usr/lib/jvm/java-8-openjdk-amd64/jre/lib/ext/sunjce_provider.jar
7f86cdcf6000-7f86cdcf8000 r--s 00008000 08:01 274069                     /usr/lib/jvm/java-8-openjdk-amd64/jre/lib/ext/sunec.jar
7f86cdcf8000-7f86cddc3000 rw-p 00000000 00:00 0 
7f86cddc3000-7f86cddc4000 ---p 00000000 00:00 0 
7f86cddc4000-7f86cddc7000 ---p 00000000 00:00 0 
7f86cddc7000-7f86cdec6000 rw-p 00000000 00:00 0 
7f86cdec6000-7f86cdec7000 r--s 0000a000 08:01 274066                     /usr/lib/jvm/java-8-openjdk-amd64/jre/lib/ext/jaccess.jar
7f86cdec7000-7f86cdec8000 r--s 00010000 08:01 274072                     /usr/lib/jvm/java-8-openjdk-amd64/jre/lib/ext/zipfs.jar
7f86cdec8000-7f86cdecb000 r--s 00038000 08:01 274071                     /usr/lib/jvm/java-8-openjdk-amd64/jre/lib/ext/sunpkcs11.jar
7f86cdecb000-7f86cdecd000 r--s 00001000 08:01 274064                     /usr/lib/jvm/java-8-openjdk-amd64/jre/lib/ext/dnsns.jar
7f86cdecd000-7f86cded7000 r--s 00116000 08:01 274067                     /usr/lib/jvm/java-8-openjdk-amd64/jre/lib/ext/localedata.jar
7f86cded7000-7f86cdedf000 rw-s 00000000 08:01 7995446                    /tmp/hsperfdata_webwerks/20163
7f86cdedf000-7f86cdee0000 rw-p 00000000 00:00 0 
7f86cdee0000-7f86cdee1000 r--p 00000000 00:00 0 
7f86cdee1000-7f86cdee3000 rw-p 00000000 00:00 0 
7f86cdee3000-7f86cdee4000 r--p 00027000 08:01 3674706                    /lib/x86_64-linux-gnu/ld-2.27.so
7f86cdee4000-7f86cdee5000 rw-p 00028000 08:01 3674706                    /lib/x86_64-linux-gnu/ld-2.27.so
7f86cdee5000-7f86cdee6000 rw-p 00000000 00:00 0 
7ffc000e2000-7ffc00105000 rw-p 00000000 00:00 0                          [stack]
7ffc00115000-7ffc00118000 r--p 00000000 00:00 0                          [vvar]
7ffc00118000-7ffc0011a000 r-xp 00000000 00:00 0                          [vdso]
ffffffffff600000-ffffffffff601000 r-xp 00000000 00:00 0                  [vsyscall]

VM Arguments:
jvm_args: -Dfile.encoding=UTF-8 
java_command: webapp.WebappApplication
java_class_path (initial): /usr/lib/jvm/java-8-openjdk-amd64/jre/lib/resources.jar:/usr/lib/jvm/java-8-openjdk-amd64/jre/lib/rt.jar:/usr/lib/jvm/java-8-openjdk-amd64/jre/lib/jsse.jar:/usr/lib/jvm/java-8-openjdk-amd64/jre/lib/jce.jar:/usr/lib/jvm/java-8-openjdk-amd64/jre/lib/charsets.jar:/usr/lib/jvm/java-8-openjdk-amd64/jre/lib/ext/localedata.jar:/usr/lib/jvm/java-8-openjdk-amd64/jre/lib/ext/dnsns.jar:/usr/lib/jvm/java-8-openjdk-amd64/jre/lib/ext/sunpkcs11.jar:/usr/lib/jvm/java-8-openjdk-amd64/jre/lib/ext/zipfs.jar:/usr/lib/jvm/java-8-openjdk-amd64/jre/lib/ext/sunec.jar:/usr/lib/jvm/java-8-openjdk-amd64/jre/lib/ext/jaccess.jar:/usr/lib/jvm/java-8-openjdk-amd64/jre/lib/ext/cldrdata.jar:/usr/lib/jvm/java-8-openjdk-amd64/jre/lib/ext/sunjce_provider.jar:/usr/lib/jvm/java-8-openjdk-amd64/jre/lib/ext/icedtea-sound.jar:/usr/lib/jvm/java-8-openjdk-amd64/jre/lib/ext/nashorn.jar:/home/webwerks/Documents/workspace-sts-3.9.5.RELEASE/webapp/target/classes:/home/webwerks/.m2/repository/org/springframework/boot/spring-boot-starter-data-jpa/2.0.4.RELEASE/spring-boot-starter-data-jpa-2.0.4.RELEASE.jar:/home/webwerks/.m2/repository/org/springframework/boot/spring-boot-starter/2.0.4.RELEASE/spring-boot-starter-2.0.4.RELEASE.jar:/home/webwerks/.m2/repository/org/springframework/boot/spring-boot-starter-logging/2.0.4.RELEASE/spring-boot-starter-logging-2.0.4.RELEASE.jar:/home/webwerks/.m2/repository/ch/qos/logback/logback-classic/1.2.3/logback-classic-1.2.3.jar:/home/webwerks/.m2/repository/ch/qos/logback/logback-core/1.2.3/logback-core-1.2.3.jar:/home/webwerks/.m2/repository/org/apache/logging/log4j/log4j-to-slf4j/2.10.0/log4j-to-slf4j-2.10.0.jar:/home/webwerks/.m2/repository/org/apache/logging/log4j/log4j-api/2.10.0/log4j-api-2.10.0.jar:/home/webwerks/.m2/repository/org/slf4j/jul-to-slf4j/1.7.25/jul-to-slf4j-1.7.25.jar:/home/webwerks/.m2/repository/javax/annotation/javax.annotation-api/1.3.2/javax.annotation-api-1.3.2.jar:/home/webwerks/.m2/repository/org/yaml/snakeyaml/1.19/snakeya
Launcher Type: SUN_STANDARD

Environment Variables:
PATH=/home/webwerks/.local/bin:/usr/local/sbin:/usr/local/bin:/usr/sbin:/usr/bin:/sbin:/bin:/usr/games:/usr/local/games:/snap/bin
USERNAME=webwerks
SHELL=/bin/bash
DISPLAY=:0

Signal Handlers:
SIGSEGV: [libjvm.so+0xaabcd0], sa_mask[0]=11111111011111111101111111111110, sa_flags=SA_RESTART|SA_SIGINFO
SIGBUS: [libjvm.so+0xaabcd0], sa_mask[0]=11111111011111111101111111111110, sa_flags=SA_RESTART|SA_SIGINFO
SIGFPE: [libjvm.so+0x8e1d50], sa_mask[0]=11111111011111111101111111111110, sa_flags=SA_RESTART|SA_SIGINFO
SIGPIPE: [libjvm.so+0x8e1d50], sa_mask[0]=11111111011111111101111111111110, sa_flags=SA_RESTART|SA_SIGINFO
SIGXFSZ: [libjvm.so+0x8e1d50], sa_mask[0]=11111111011111111101111111111110, sa_flags=SA_RESTART|SA_SIGINFO
SIGILL: [libjvm.so+0x8e1d50], sa_mask[0]=11111111011111111101111111111110, sa_flags=SA_RESTART|SA_SIGINFO
SIGUSR1: SIG_DFL, sa_mask[0]=00000000000000000000000000000000, sa_flags=none
SIGUSR2: [libjvm.so+0x8e1c00], sa_mask[0]=00100000000000000000000000000000, sa_flags=SA_RESTART|SA_SIGINFO
SIGHUP: [libjvm.so+0x8e20b0], sa_mask[0]=11111111011111111101111111111110, sa_flags=SA_RESTART|SA_SIGINFO
SIGINT: [libjvm.so+0x8e20b0], sa_mask[0]=11111111011111111101111111111110, sa_flags=SA_RESTART|SA_SIGINFO
SIGTERM: [libjvm.so+0x8e20b0], sa_mask[0]=11111111011111111101111111111110, sa_flags=SA_RESTART|SA_SIGINFO
SIGQUIT: [libjvm.so+0x8e20b0], sa_mask[0]=11111111011111111101111111111110, sa_flags=SA_RESTART|SA_SIGINFO


---------------  S Y S T E M  ---------------

OS:DISTRIB_ID=Ubuntu
DISTRIB_RELEASE=18.04
DISTRIB_CODENAME=bionic
DISTRIB_DESCRIPTION="Ubuntu 18.04.1 LTS"

uname:Linux 4.15.0-30-generic #32-Ubuntu SMP Thu Jul 26 17:42:43 UTC 2018 x86_64
libc:glibc 2.27 NPTL 2.27 
rlimit: STACK 8192k, CORE 0k, NPROC 31149, NOFILE 4096, AS infinity
load average:1.25 0.81 0.58

/proc/meminfo:
MemTotal:        8034800 kB
MemFree:          249812 kB
MemAvailable:    3009356 kB
Buffers:          428860 kB
Cached:          2828740 kB
SwapCached:            0 kB
Active:          6006972 kB
Inactive:        1299984 kB
Active(anon):    3936044 kB
Inactive(anon):   550396 kB
Active(file):    2070928 kB
Inactive(file):   749588 kB
Unevictable:         120 kB
Mlocked:             120 kB
SwapTotal:      10485756 kB
SwapFree:       10485756 kB
Dirty:             10512 kB
Writeback:             4 kB
AnonPages:       4049284 kB
Mapped:           891808 kB
Shmem:            453536 kB
Slab:             306160 kB
SReclaimable:     242884 kB
SUnreclaim:        63276 kB
KernelStack:       20032 kB
PageTables:        80920 kB
NFS_Unstable:          0 kB
Bounce:                0 kB
WritebackTmp:          0 kB
CommitLimit:    14503156 kB
Committed_AS:   13602092 kB
VmallocTotal:   34359738367 kB
VmallocUsed:           0 kB
VmallocChunk:          0 kB
HardwareCorrupted:     0 kB
AnonHugePages:         0 kB
ShmemHugePages:        0 kB
ShmemPmdMapped:        0 kB
CmaTotal:              0 kB
CmaFree:               0 kB
HugePages_Total:       0
HugePages_Free:        0
HugePages_Rsvd:        0
HugePages_Surp:        0
Hugepagesize:       2048 kB
DirectMap4k:      279964 kB
DirectMap2M:     6926336 kB
DirectMap1G:     2097152 kB


CPU:total 4 (initial active 4) (4 cores per cpu, 1 threads per core) family 6 model 60 stepping 3, cmov, cx8, fxsr, mmx, sse, sse2, sse3, ssse3, sse4.1, sse4.2, popcnt, avx, avx2, aes, clmul, erms, lzcnt, tsc, tscinvbit, bmi1, bmi2

/proc/cpuinfo:
processor	: 0
vendor_id	: GenuineIntel
cpu family	: 6
model		: 60
model name	: Intel(R) Core(TM) i5-4440 CPU @ 3.10GHz
stepping	: 3
microcode	: 0x24
cpu MHz		: 3103.522
cache size	: 6144 KB
physical id	: 0
siblings	: 4
core id		: 0
cpu cores	: 4
apicid		: 0
initial apicid	: 0
fpu		: yes
fpu_exception	: yes
cpuid level	: 13
wp		: yes
flags		: fpu vme de pse tsc msr pae mce cx8 apic sep mtrr pge mca cmov pat pse36 clflush dts acpi mmx fxsr sse sse2 ss ht tm pbe syscall nx pdpe1gb rdtscp lm constant_tsc arch_perfmon pebs bts rep_good nopl xtopology nonstop_tsc cpuid aperfmperf pni pclmulqdq dtes64 monitor ds_cpl vmx est tm2 ssse3 sdbg fma cx16 xtpr pdcm pcid sse4_1 sse4_2 x2apic movbe popcnt tsc_deadline_timer aes xsave avx f16c rdrand lahf_lm abm cpuid_fault invpcid_single pti ibrs ibpb stibp tpr_shadow vnmi flexpriority ept vpid fsgsbase tsc_adjust bmi1 avx2 smep bmi2 erms invpcid xsaveopt dtherm ida arat pln pts
bugs		: cpu_meltdown spectre_v1 spectre_v2 spec_store_bypass
bogomips	: 6185.64
clflush size	: 64
cache_alignment	: 64
address sizes	: 39 bits physical, 48 bits virtual
power management:

processor	: 1
vendor_id	: GenuineIntel
cpu family	: 6
model		: 60
model name	: Intel(R) Core(TM) i5-4440 CPU @ 3.10GHz
stepping	: 3
microcode	: 0x24
cpu MHz		: 3233.515
cache size	: 6144 KB
physical id	: 0
siblings	: 4
core id		: 1
cpu cores	: 4
apicid		: 2
initial apicid	: 2
fpu		: yes
fpu_exception	: yes
cpuid level	: 13
wp		: yes
flags		: fpu vme de pse tsc msr pae mce cx8 apic sep mtrr pge mca cmov pat pse36 clflush dts acpi mmx fxsr sse sse2 ss ht tm pbe syscall nx pdpe1gb rdtscp lm constant_tsc arch_perfmon pebs bts rep_good nopl xtopology nonstop_tsc cpuid aperfmperf pni pclmulqdq dtes64 monitor ds_cpl vmx est tm2 ssse3 sdbg fma cx16 xtpr pdcm pcid sse4_1 sse4_2 x2apic movbe popcnt tsc_deadline_timer aes xsave avx f16c rdrand lahf_lm abm cpuid_fault invpcid_single pti ibrs ibpb stibp tpr_shadow vnmi flexpriority ept vpid fsgsbase tsc_adjust bmi1 avx2 smep bmi2 erms invpcid xsaveopt dtherm ida arat pln pts
bugs		: cpu_meltdown spectre_v1 spectre_v2 spec_store_bypass
bogomips	: 6185.64
clflush size	: 64
cache_alignment	: 64
address sizes	: 39 bits physical, 48 bits virtual
power management:

processor	: 2
vendor_id	: GenuineIntel
cpu family	: 6
model		: 60
model name	: Intel(R) Core(TM) i5-4440 CPU @ 3.10GHz
stepping	: 3
microcode	: 0x24
cpu MHz		: 3156.159
cache size	: 6144 KB
physical id	: 0
siblings	: 4
core id		: 2
cpu cores	: 4
apicid		: 4
initial apicid	: 4
fpu		: yes
fpu_exception	: yes
cpuid level	: 13
wp		: yes
flags		: fpu vme de pse tsc msr pae mce cx8 apic sep mtrr pge mca cmov pat pse36 clflush dts acpi mmx fxsr sse sse2 ss ht tm pbe syscall nx pdpe1gb rdtscp lm constant_tsc arch_perfmon pebs bts rep_good nopl xtopology nonstop_tsc cpuid aperfmperf pni pclmulqdq dtes64 monitor ds_cpl vmx est tm2 ssse3 sdbg fma cx16 xtpr pdcm pcid sse4_1 sse4_2 x2apic movbe popcnt tsc_deadline_timer aes xsave avx f16c rdrand lahf_lm abm cpuid_fault invpcid_single pti ibrs ibpb stibp tpr_shadow vnmi flexpriority ept vpid fsgsbase tsc_adjust bmi1 avx2 smep bmi2 erms invpcid xsaveopt dtherm ida arat pln pts
bugs		: cpu_meltdown spectre_v1 spectre_v2 spec_store_bypass
bogomips	: 6185.64
clflush size	: 64
cache_alignment	: 64
address sizes	: 39 bits physical, 48 bits virtual
power management:

processor	: 3
vendor_id	: GenuineIntel
cpu family	: 6
model		: 60
model name	: Intel(R) Core(TM) i5-4440 CPU @ 3.10GHz
stepping	: 3
microcode	: 0x24
cpu MHz		: 2776.606
cache size	: 6144 KB
physical id	: 0
siblings	: 4
core id		: 3
cpu cores	: 4
apicid		: 6
initial apicid	: 6
fpu		: yes
fpu_exception	: yes
cpuid level	: 13
wp		: yes
flags		: fpu vme de pse tsc msr pae mce cx8 apic sep mtrr pge mca cmov pat pse36 clflush dts acpi mmx fxsr sse sse2 ss ht tm pbe syscall nx pdpe1gb rdtscp lm constant_tsc arch_perfmon pebs bts rep_good nopl xtopology nonstop_tsc cpuid aperfmperf pni pclmulqdq dtes64 monitor ds_cpl vmx est tm2 ssse3 sdbg fma cx16 xtpr pdcm pcid sse4_1 sse4_2 x2apic movbe popcnt tsc_deadline_timer aes xsave avx f16c rdrand lahf_lm abm cpuid_fault invpcid_single pti ibrs ibpb stibp tpr_shadow vnmi flexpriority ept vpid fsgsbase tsc_adjust bmi1 avx2 smep bmi2 erms invpcid xsaveopt dtherm ida arat pln pts
bugs		: cpu_meltdown spectre_v1 spectre_v2 spec_store_bypass
bogomips	: 6185.64
clflush size	: 64
cache_alignment	: 64
address sizes	: 39 bits physical, 48 bits virtual
power management:



Memory: 4k page, physical 8034800k(249688k free), swap 10485756k(10485756k free)

vm_info: OpenJDK 64-Bit Server VM (25.171-b11) for linux-amd64 JRE (1.8.0_171-8u171-b11-0ubuntu0.18.04.1-b11), built on Apr 26 2018 15:59:34 by "buildd" with gcc 7.3.0

time: Tue Aug 14 16:17:58 2018
elapsed time: 61 seconds (0d 0h 1m 1s)

